

R DSK:PASCAL[31024,320207]
Pascal, Version 2A(464)-1

*/SEARCH([31024,320170],[31024,320155],[31024,320156])
*/SPECIAL:WORD/CHECK(ASSERTIONS)/NAMES/WIDTH:107
*PASINI
[Compiling DSK:PASINI.PAS[31024,320170]]
*P10IMD
[Compiling DSK:P10IMD.PAS[31024,320155]]
*VAXIMD
[Compiling DSK:VAXIMD.PAS[31024,320155]]
*M68IMD
[Compiling DSK:M68IMD.PAS[31024,320155]]
*PASUTL
[Compiling DSK:PASUTL.PAS[31024,320155]]
*PASCAL
[Compiling DSK:PASCAL.PAS[31024,320155]]
*PASCMD
[Compiling DSK:PASCMD.PAS[31024,320155]]
*PASCFM
[Compiling DSK:PASCFM.PAS[31024,320155]]
*PASS1
[Compiling DSK:PASS1.PAS[31024,320155]]
*PASLEX
[Compiling DSK:PASLEX.PAS[31024,320155]]
*PASSMO
[Compiling DSK:PASSMO.PAS[31024,320155]]
*PASCMP
[Compiling DSK:PASCMP.PAS[31024,320155]]
*PASANL
[Compiling DSK:PASANL.PAS[31024,320155]]
*PASBLK
[Compiling DSK:PASBLK.PAS[31024,320155]]
*PASBOD
[Compiling DSK:PASBOD.PAS[31024,320155]]
*PASTSM
[Compiling DSK:PASTSM.PAS[31024,320155]]
*PASESM
[Compiling DSK:PASESM.PAS[31024,320155]]
*PASREF
[Compiling DSK:PASREF.PAS[31024,320155]]
*PASEMU
[Compiling DSK:PASEMU.PAS[31024,320155]]
*PASSFC
[Compiling DSK:PASSFC.PAS[31024,320170]]
*PA1DMP
[Compiling DSK:PA1DMP.PAS[31024,320155]]
*PA1XRF
[Compiling DSK:PA1XRF.PAS[31024,320155]]
*PASGLB
[Compiling DSK:PASGLB.PAS[31024,320155]]
*PASCGR
[Compiling DSK:PASCGR.PAS[31024,320155]]
*PASALC
[Compiling DSK:PASALC.PAS[31024,320155]]
*PA1FLD
[Compiling DSK:PA1FLD.PAS[31024,320155]]
*PASESU
[Compiling DSK:PASESU.PAS[31024,320155]]
*PASRDR
[Compiling DSK:PASRDR.PAS[31024,320155]]
*PASOPN
[Compiling DSK:PASOPN.PAS[31024,320155]]
*PASOPD
[Compiling DSK:PASOPD.PAS[31024,320155]]
*PASS2
[Compiling DSK:PASS2.PAS[31024,320155]]
*PASJMP
[Compiling DSK:PASJMP.PAS[31024,320155]]
*PASOPT
[Compiling DSK:PASOPT.PAS[31024,320155]]
*PA2XRF
[Compiling DSK:PA2XRF.PAS[31024,320155]]
*P10SEL
[Compiling DSK:P10SEL.PAS[31024,320155]]
*PA2DMP
[Compiling DSK:PA2DMP.PAS[31024,320155]]
*PA2FLD
[Compiling DSK:PA2FLD.PAS[31024,320155]]
*PASS3
[Compiling DSK:PASS3.PAS[31024,320155]]
*PASSDM
[Compiling DSK:PASSDM.PAS[31024,320155]]
*PASS4
[Compiling DSK:PASS4.PAS[31024,320155]]
*P10GEN
[Compiling DSK:P10GEN.PAS[31024,320155]]
*P10CGU
[Compiling DSK:P10CGU.PAS[31024,320155]]
*P10EXP
[Compiling DSK:P10EXP.PAS[31024,320155]]
*P10CMP
[Compiling DSK:P10CMP.PAS[31024,320155]]
*P10DSC
[Compiling DSK:P10DSC.PAS[31024,320155]]
*P10CLL
[Compiling DSK:P10CLL.PAS[31024,320155]]
*P10DEB
[Compiling DSK:P10DEB.PAS[31024,320155]]
*P10REL
[Compiling DSK:P10REL.PAS[31024,320155]]
*P10MAC
[Compiling DSK:P10MAC.PAS[31024,320155]]
*PASMAP
[Compiling DSK:PASMAP.PAS[31024,320155]]
*P10CSP
[Compiling DSK:P10CSP.PAS[31024,320155]]
*Q10GEN
[Compiling DSK:Q10GEN.PAS[31024,320155]]
*Q10EXP
[Compiling DSK:Q10EXP.PAS[31024,320155]]
*Q10CMP
[Compiling DSK:Q10CMP.PAS[31024,320155]]
*Q10CLL
[Compiling DSK:Q10CLL.PAS[31024,320155]]
*Q10SET
[Compiling DSK:Q10SET.PAS[31024,320155]]
*Q10DSC
[Compiling DSK:Q10DSC.PAS[31024,320155]]
*VAXGEN
[Compiling DSK:VAXGEN.PAS[31024,320155]]
*VAXCGU
[Compiling DSK:VAXCGU.PAS[31024,320155]]
*VAXEXP
[Compiling DSK:VAXEXP.PAS[31024,320155]]
*VAXUTL
[Compiling DSK:VAXUTL.PAS[31024,320155]]
*VAXSET
[Compiling DSK:VAXSET.PAS[31024,320155]]
*VAXCMP
[Compiling DSK:VAXCMP.PAS[31024,320155]]
*VAXCLL
[Compiling DSK:VAXCLL.PAS[31024,320155]]
*VAXIO
[Compiling DSK:VAXIO.PAS[31024,320155]]
*VAXSTR
[Compiling DSK:VAXSTR.PAS[31024,320155]]
*VAXREL
[Compiling DSK:VAXREL.PAS[31024,320155]]
*VAXMAC
[Compiling DSK:VAXMAC.PAS[31024,320155]]
*VAXDEB
[Compiling DSK:VAXDEB.PAS[31024,320155]]
*VAXCSP
[Compiling DSK:VAXCSP.PAS[31024,320155]]
*PASDAT
[Compiling DSK:PASDAT.PAS[31024,320155]]
*M68GEN
[Compiling DSK:M68GEN.PAS[31024,320155]]
*M68OPT
[Compiling DSK:M68OPT.PAS[31024,320155]]
*M68UTL
[Compiling DSK:M68UTL.PAS[31024,320155]]
*M68CGU
[Compiling DSK:M68CGU.PAS[31024,320155]]
*M68EXP
[Compiling DSK:M68EXP.PAS[31024,320155]]
*M68CLL
[Compiling DSK:M68CLL.PAS[31024,320155]]
*M68CMP
[Compiling DSK:M68CMP.PAS[31024,320155]]
*M68STR
[Compiling DSK:M68STR.PAS[31024,320155]]
*M68SET
[Compiling DSK:M68SET.PAS[31024,320155]]
*M68IO
[Compiling DSK:M68IO.PAS[31024,320155]]
*M68EMU
[Compiling DSK:M68EMU.PAS[31024,320155]]
*M68EMT
[Compiling DSK:M68EMT.PAS[31024,320155]]
*M68PHO
[Compiling DSK:M68PHO.PAS[31024,320155]]
*M68REL
[Compiling DSK:M68REL.PAS[31024,320155]]
*M68MAC
[Compiling DSK:M68MAC.PAS[31024,320155]]
*PASTAL
[Compiling DSK:PASTAL.PAS[31024,320155]]
*PASVAL
[Compiling DSK:PASVAL.PAS[31024,320155]]
*PASIFU
[Compiling DSK:PASIFU.PAS[31024,320155]]
*PASLOG
[Compiling DSK:PASLOG.PAS[31024,320155]]
*PASERR
[Compiling DSK:PASERR.PAS[31024,320155]]
*PASMTH
[Compiling DSK:PASMTH.PAS[31024,320155]]
*PASCV
[Compiling DSK:PASCV.PAS[31024,320155]]
*PASSW
[Compiling DSK:PASSW.PAS[31024,320155]]
*PASSET
[Compiling DSK:PASSET.PAS[31024,320155]]
*PASDMP
[Compiling DSK:PASDMP.PAS[31024,320155]]
*

EXIT

.
.LOG
65553.89 tru
terminal time: 3:27:47
