

R DSK:PASCAL[31024,320205]
Pascal, Version 2A(463)-1

*/SEARCH([31024,320156])
*/SPECIAL:WORD/CHECK(ASSERTIONS)/NAMES/WIDTH:107
*M68EMU
[Compiling DSK:M68EMU.PAS[31024,320155]]
*M68EMT
[Compiling DSK:M68EMT.PAS[31024,320155]]
*M68PHO
[Compiling DSK:M68PHO.PAS[31024,320155]]
*M68REL
[Compiling DSK:M68REL.PAS[31024,320155]]
*M68MAC
[Compiling DSK:M68MAC.PAS[31024,320155]]
*PASTAL
[Compiling DSK:PASTAL.PAS[31024,320155]]
*PASVAL
[Compiling DSK:PASVAL.PAS[31024,320155]]
*PASIFU
[Compiling DSK:PASIFU.PAS[31024,320155]]
*PASLOG
[Compiling DSK:PASLOG.PAS[31024,320155]]
*PASERR
[Compiling DSK:PASERR.PAS[31024,320155]]
*PASMTH
[Compiling DSK:PASMTH.PAS[31024,320155]]
*PASCV
[Compiling DSK:PASCV.PAS[31024,320155]]
*PASSW
[Compiling DSK:PASSW.PAS[31024,320155]]
*PASSET
[Compiling DSK:PASSET.PAS[31024,320155]]
*PASDMP
[Compiling DSK:PASDMP.PAS[31024,320155]]
*

EXIT

.
.LOG
5403.73 tru
terminal time: 0:21:18
