RUN	400023	000013
AUTORU	400011	000001
LOOKUP	400215
FILUTL	400544
QUERY	400243
SEGINF	400010
USRSTA	400031	000002
JOBINF	400132	000003
SYSSTA	400010
PASDIR	400617	000037
DIRATR	400121
DOATT	400144	000021
DIR%MA	400155	000002
DAYTIM	400012	000002
.MAIN	400022	000003
DCEXT	400120
ECEXT	400742
NST1	400116
DCDTIM	400054
ECDTIM	400060
ECDCTI	400066
ECDCDA	400067
EC%TSD	400020
DCTIME	400054
ECTIME	400062
NSD1	400061
NSD2	400061
DCDATE	400354
ECDATE	400233
DAYOFW	400055
DCMONT	400036
CHARS2	400064
CVBINS	400037
DCDAYS	400016
EC%DAY	400023
DCSECS	400035
ECSECS	400035
EXTR%D	400003
EXTR%T	400003
DT%COM	400004
DAYS%D	400006
SECS%D	400016
ADD%DA	400006
ADD%SE	400020
CMDUTL	401540
DOUUO	400036	000005
PRGDIR	400044
TEMPFI	400051
JOBNUM	400016
MODFIT	400521
DUMPIO	400317
