File DSK:FMT2.PAS[31024,320167]   Tue 14-Sep-82 20:21   MDSI, Company Confidential   FORMAT Version 1.9  

File DSK:FMT2.PAS[31024,320167]   Tue 14-Sep-82 20:21   MDSI, Company Confidential   FORMAT Version 1.9  

File DSK:FMT2.PAS[31024,320167]   Tue 14-Sep-82 20:21   MDSI, Company Confidential   FORMAT Version 1.9  

File DSK:FMT2.PAS[31024,320167]   Tue 14-Sep-82 20:21   MDSI, Company Confidential   FORMAT Version 1.9  





                   $$$$$   $   $   $$$$$    $$$            $$$$     $$$     $$$ 
                   $       $$ $$     $     $   $           $   $   $   $   $   $
                   $       $ $ $     $         $           $   $   $   $   $    
                   $$$     $ $ $     $      $$$            $$$$    $$$$$    $$$ 
                   $       $   $     $     $               $       $   $       $
                   $       $   $     $     $        $$     $       $   $   $   $
                   $       $   $     $     $$$$$    $$     $       $   $    $$$ 




File DSK:FMT2.PAS[31024,320167]   Tue 14-Sep-82 20:21   MDSI, Company Confidential   FORMAT Version 1.9  

File DSK:FMT2.PAS[31024,320167]   Tue 14-Sep-82 20:21   MDSI, Company Confidential   FORMAT Version 1.9  

File DSK:FMT2.PAS[31024,320167]   Tue 14-Sep-82 20:21   MDSI, Company Confidential   FORMAT Version 1.9  

File DSK:FMT2.PAS[31024,320167]   Tue 14-Sep-82 20:21   MDSI, Company Confidential   FORMAT Version 1.9  
File DSK:FMT2.PAS[31024,320167]   Tue 14-Sep-82 20:21   MDSI, Company Confidential   FORMAT Version 1.9  

File DSK:FMT2.PAS[31024,320167]   Tue 14-Sep-82 20:21   MDSI, Company Confidential   FORMAT Version 1.9  

File DSK:FMT2.PAS[31024,320167]   Tue 14-Sep-82 20:21   MDSI, Company Confidential   FORMAT Version 1.9  

File DSK:FMT2.PAS[31024,320167]   Tue 14-Sep-82 20:21   MDSI, Company Confidential   FORMAT Version 1.9  





                   $$$$$   $   $   $$$$$    $$$            $$$$     $$$     $$$ 
                   $       $$ $$     $     $   $           $   $   $   $   $   $
                   $       $ $ $     $         $           $   $   $   $   $    
                   $$$     $ $ $     $      $$$            $$$$    $$$$$    $$$ 
                   $       $   $     $     $               $       $   $       $
                   $       $   $     $     $        $$     $       $   $   $   $
                   $       $   $     $     $$$$$    $$     $       $   $    $$$ 




File DSK:FMT2.PAS[31024,320167]   Tue 14-Sep-82 20:21   MDSI, Company Confidential   FORMAT Version 1.9  

File DSK:FMT2.PAS[31024,320167]   Tue 14-Sep-82 20:21   MDSI, Company Confidential   FORMAT Version 1.9  

File DSK:FMT2.PAS[31024,320167]   Tue 14-Sep-82 20:21   MDSI, Company Confidential   FORMAT Version 1.9  

File DSK:FMT2.PAS[31024,320167]   Tue 14-Sep-82 20:21   MDSI, Company Confidential   FORMAT Version 1.9  
SECTION    0                                                                     PAGE    1
SECTION    0-1                                                                   PAGE    2

    2	  page 1SECTION    0-2                                                                   PAGE    3

    4	  page 2SECTION    0-3                                                                   PAGE    4

    6	  last pageSECTION       TITLE                                                              PAGE
