        File DSK:VAXBUG.PAS[31024,320167]   Compiled 14-Sep-82 16:13   Pascal, Version 2A(462)

        File DSK:VAXBUG.PAS[31024,320167]   Compiled 14-Sep-82 16:13   Pascal, Version 2A(462)

        File DSK:VAXBUG.PAS[31024,320167]   Compiled 14-Sep-82 16:13   Pascal, Version 2A(462)

        File DSK:VAXBUG.PAS[31024,320167]   Compiled 14-Sep-82 16:13   Pascal, Version 2A(462)





			    $   $    $$$    $   $   $$$$    $   $    $$$$
			    $   $   $   $   $   $    $  $   $   $   $    
			    $   $   $   $    $ $     $  $   $   $   $    
			     $ $    $$$$$     $      $$$    $   $   $ $$$
			     $ $    $   $    $ $     $  $   $   $   $   $
			      $     $   $   $   $    $  $   $   $   $   $
			      $     $   $   $   $   $$$$     $$$     $$$ 


				    DSK:VAXBUG.PAS[31024,320167]


Options in effect: 

	CHECK, SPECIAL, NOMAP, NOSYMBOLS, NOCALLS, NOASSEMBLY, NOXREF, TRACE, QBLOCKS, NOOPTIMIZE, 
	CODE, NODEBUG, FINISH, NOGLOBAL, NOMAINSEG, NOOVERLAY, AUTOQUICK, SOURCE, NOSTANDARD, 
	LENGTH (45), WIDTH (102), NOEXTLENGTH, STORAGE (2048), ALLOC (0), ENABLE(VAX)




        File DSK:VAXBUG.PAS[31024,320167]   Compiled 14-Sep-82 16:13   Pascal, Version 2A(462)

        File DSK:VAXBUG.PAS[31024,320167]   Compiled 14-Sep-82 16:13   Pascal, Version 2A(462)

        File DSK:VAXBUG.PAS[31024,320167]   Compiled 14-Sep-82 16:13   Pascal, Version 2A(462)

        File DSK:VAXBUG.PAS[31024,320167]   Compiled 14-Sep-82 16:13   Pascal, Version 2A(462)
        File DSK:VAXBUG.PAS[31024,320167]   Compiled 14-Sep-82 16:13   Pascal, Version 2A(462)

        File DSK:VAXBUG.PAS[31024,320167]   Compiled 14-Sep-82 16:13   Pascal, Version 2A(462)

        File DSK:VAXBUG.PAS[31024,320167]   Compiled 14-Sep-82 16:13   Pascal, Version 2A(462)

        File DSK:VAXBUG.PAS[31024,320167]   Compiled 14-Sep-82 16:13   Pascal, Version 2A(462)





			    $   $    $$$    $   $   $$$$    $   $    $$$$
			    $   $   $   $   $   $    $  $   $   $   $    
			    $   $   $   $    $ $     $  $   $   $   $    
			     $ $    $$$$$     $      $$$    $   $   $ $$$
			     $ $    $   $    $ $     $  $   $   $   $   $
			      $     $   $   $   $    $  $   $   $   $   $
			      $     $   $   $   $   $$$$     $$$     $$$ 


				    DSK:VAXBUG.PAS[31024,320167]


Options in effect: 

	CHECK, SPECIAL, NOMAP, NOSYMBOLS, NOCALLS, NOASSEMBLY, NOXREF, TRACE, QBLOCKS, NOOPTIMIZE, 
	CODE, NODEBUG, FINISH, NOGLOBAL, NOMAINSEG, NOOVERLAY, AUTOQUICK, SOURCE, NOSTANDARD, 
	LENGTH (45), WIDTH (102), NOEXTLENGTH, STORAGE (2048), ALLOC (0), ENABLE(VAX)




        File DSK:VAXBUG.PAS[31024,320167]   Compiled 14-Sep-82 16:13   Pascal, Version 2A(462)

        File DSK:VAXBUG.PAS[31024,320167]   Compiled 14-Sep-82 16:13   Pascal, Version 2A(462)

        File DSK:VAXBUG.PAS[31024,320167]   Compiled 14-Sep-82 16:13   Pascal, Version 2A(462)

        File DSK:VAXBUG.PAS[31024,320167]   Compiled 14-Sep-82 16:13   Pascal, Version 2A(462)
MODULE  VAXBUG       DSK:VAXBUG.PAS[31024,320167]                                      14-Sep-82 16:13
SECTION 0                                                                                       PAGE 1

    1	program vaxbug options special;
    2	
    3	const
    4	  fake_ptr = ptr (0);
    5	
    6	var
    7	  p: ^ integer;
    8	
    9	begin
   10	  p := fake_ptr;
   11	end.

File   level   on page     name

  0	 0	    1	DSK:VAXBUG.PAS[31024,320167]
