START OF SAVE SET P2A431 ON FTA0 BACKUP VERSION 1(52) FORMAT 1
SYSTEM D54-P034/K-6 UNKNOWN MONITOR 0 APR#1376
1600 BPI 9 TRACK  15-JUN-82	13:45:53


M68CCG	EXE	864		29-MAR-71

END OF SAVE SET P2A431 ON FTA0 BACKUP VERSION 1(52) FORMAT 1
SYSTEM D54-P034/K-6 UNKNOWN MONITOR 0 APR#1376
1600 BPI 9 TRACK  15-JUN-82	13:45:59

START OF SAVE SET P2A431 ON FTA0 BACKUP VERSION 1(52) FORMAT 1
SYSTEM D54-P034/K-6 UNKNOWN MONITOR 0 APR#1376
1600 BPI 9 TRACK  15-JUN-82	13:47:55

PASCAL	EXE	56		29-MAR-71
PASLST	EXE	164		29-MAR-71
VAXCCG	EXE	424		29-MAR-71
PASCMD	EXE	104		29-MAR-71

END OF SAVE SET P2A431 ON FTA0 BACKUP VERSION 1(52) FORMAT 1
SYSTEM D54-P034/K-6 UNKNOWN MONITOR 0 APR#1376
1600 BPI 9 TRACK  15-JUN-82	13:48:02

START OF SAVE SET P2A431 ON FTA0 BACKUP VERSION 1(52) FORMAT 1
SYSTEM D54-P034/K-6 UNKNOWN MONITOR 0 APR#1376
1600 BPI 9 TRACK  15-JUN-82	13:51:33

M68CLL	DEB	165		19-MAY-82
M68EXP	DEB	182		19-MAY-82
M68EMU	DEB	143		19-MAY-82

END OF SAVE SET P2A431 ON FTA0 BACKUP VERSION 1(52) FORMAT 1
SYSTEM D54-P034/K-6 UNKNOWN MONITOR 0 APR#1376
1600 BPI 9 TRACK  15-JUN-82	13:51:42

START OF SAVE SET P2A431 ON FTA0 BACKUP VERSION 1(52) FORMAT 1
SYSTEM D54-P034/K-6 UNKNOWN MONITOR 0 APR#1376
1600 BPI 9 TRACK  15-JUN-82	14:15:56
