INPUT:   <file spec> <file defaults> <bad spec> ;
INPUT:   
INPUT:   "alphas" ::= [ 'a_thru_p' 'q_thru_z' ] ;
INPUT:   "alphanums" ::= [ 'a_thru_p' 'q_thru_z' 'digit' ] ;
INPUT:   "null" ::= [ ] ;
INPUT:   
INPUT:   <identifier> ::= "alphanums"+ ;


                     "alphanums"
  8:      O-------------------------------->(O)


                    ____________
                   /            \
                  !              \
                  ! ___________   !
                  V/           \  !
                  /             \/
               ->( 0      8    0 )____
              /   \             /     \
             /     \___________/       \
            /                           !
           /                            V
  8:      O                            (O)


   <identifier> ******* IS ASSIGNED THE NFA ****  8
INPUT:   <digit sequence> ::= 'digit'+ ;


                     'digit'
  8:      O-------------------------------->(O)


                    ____________
                   /            \
                  !              \
                  ! ___________   !
                  V/           \  !
                  /             \/
               ->( 0      8    0 )____
              /   \             /     \
             /     \___________/       \
            /                           !
           /                            V
  8:      O                            (O)


   <digit sequence> ******* IS ASSIGNED THE NFA ****  8
INPUT:   
INPUT:   <key letter> ::= 'a_thru_p' ;


                     'a_thru_p'
  8:      O-------------------------------->(O)


   <key letter> ******* IS ASSIGNED THE NFA ****  8
INPUT:   <key pair> ::= <key letter> <key letter> ;


  8: ****** IS COPIED FROM ***** <key letter>


  9: ****** IS COPIED FROM ***** <key letter>


                  ___________            ___________
                 /           \          /           \
                /             \        /             \
  8:      O--->( 0      8    0 )----->( 0     9   (O) )
                \             /        \             /
                 \___________/          \___________/


   <key pair> ******* IS ASSIGNED THE NFA ****  8
INPUT:   <opt key> ::= '(' <key pair> <key pair> ')'  !


                     '('
  8:      O-------------------------------->(O)


  9: ****** IS COPIED FROM ***** <key pair>


                  ___________            ___________
                 /           \          /           \
                /             \        /             \
  8:      O--->( 0      8    0 )----->( 0     9   (O) )
                \             /        \             /
                 \___________/          \___________/


  9: ****** IS COPIED FROM ***** <key pair>


                  ___________            ___________
                 /           \          /           \
                /             \        /             \
  8:      O--->( 0      8    0 )----->( 0     9   (O) )
                \             /        \             /
                 \___________/          \___________/


                     ')'
  9:      O-------------------------------->(O)


                  ___________            ___________
                 /           \          /           \
                /             \        /             \
  8:      O--->( 0      8    0 )----->( 0     9   (O) )
                \             /        \             /
                 \___________/          \___________/
INPUT:                 '(' <key pair> ')'  !


                     '('
 10:      O-------------------------------->(O)


 11: ****** IS COPIED FROM ***** <key pair>


                  ___________            ___________
                 /           \          /           \
                /             \        /             \
 10:      O--->( 0     10    0 )----->( 0    11   (O) )
                \             /        \             /
                 \___________/          \___________/


                     ')'
 11:      O-------------------------------->(O)


                  ___________            ___________
                 /           \          /           \
                /             \        /             \
 10:      O--->( 0     10    0 )----->( 0    11   (O) )
                \             /        \             /
                 \___________/          \___________/


                    ___________
                   /           \
                  /             \
               ->( 0      8    0 )____
              /   \             /     \
             /     \___________/       \
            /                           !
           /                            V
  8:      O                            (O)
           \                           /\
            \       ___________        /
             \     /           \      /
              \   /             \    /
               ->( 0     10    0 )__/
                  \             /
                   \___________/
INPUT:                 '' ;


                     ''
 10:      O-------------------------------->(O)


                    ___________
                   /           \
                  /             \
               ->( 0      8    0 )____
              /   \             /     \
             /     \___________/       \
            /                           !
           /                            V
  8:      O                            (O)
           \                           /\
            \       ___________        /
             \     /           \      /
              \   /             \    /
               ->( 0     10    0 )__/
                  \             /
                   \___________/


   <opt key> ******* IS ASSIGNED THE NFA ****  8
INPUT:   
INPUT:   <extension> ::= <identifier>  !  '' ;


  8: ****** IS COPIED FROM ***** <identifier>


                     ''
 10:      O-------------------------------->(O)


                    ___________
                   /           \
                  /             \
               ->( 0      8    0 )____
              /   \             /     \
             /     \___________/       \
            /                           !
           /                            V
  8:      O                            (O)
           \                           /\
            \       ___________        /
             \     /           \      /
              \   /             \    /
               ->( 0     10    0 )__/
                  \             /
                   \___________/


   <extension> ******* IS ASSIGNED THE NFA ****  8
INPUT:   <file name> ::= <identifier>  ;


  8: ****** IS COPIED FROM ***** <identifier>


   <file name> ******* IS ASSIGNED THE NFA ****  8
INPUT:   <catalog> ::= <identifier>  !  '' ;


  8: ****** IS COPIED FROM ***** <identifier>


                     ''
 10:      O-------------------------------->(O)


                    ___________
                   /           \
                  /             \
               ->( 0      8    0 )____
              /   \             /     \
             /     \___________/       \
            /                           !
           /                            V
  8:      O                            (O)
           \                           /\
            \       ___________        /
             \     /           \      /
              \   /             \    /
               ->( 0     10    0 )__/
                  \             /
                   \___________/


   <catalog> ******* IS ASSIGNED THE NFA ****  8
INPUT:   <user> ::= <digit sequence>  !  '' ;


  8: ****** IS COPIED FROM ***** <digit sequence>


                     ''
 10:      O-------------------------------->(O)


                    ___________
                   /           \
                  /             \
               ->( 0      8    0 )____
              /   \             /     \
             /     \___________/       \
            /                           !
           /                            V
  8:      O                            (O)
           \                           /\
            \       ___________        /
             \     /           \      /
              \   /             \    /
               ->( 0     10    0 )__/
                  \             /
                   \___________/


   <user> ******* IS ASSIGNED THE NFA ****  8
INPUT:   <volume> ::= <identifier>  !  '' ;


  8: ****** IS COPIED FROM ***** <identifier>


                     ''
 10:      O-------------------------------->(O)


                    ___________
                   /           \
                  /             \
               ->( 0      8    0 )____
              /   \             /     \
             /     \___________/       \
            /                           !
           /                            V
  8:      O                            (O)
           \                           /\
            \       ___________        /
             \     /           \      /
              \   /             \    /
               ->( 0     10    0 )__/
                  \             /
                   \___________/


   <volume> ******* IS ASSIGNED THE NFA ****  8
INPUT:   <user file>::= <user> '.' <catalog> '.' <file name> '.' <extension> <opt key> ;


  8: ****** IS COPIED FROM ***** <user>


                     '.'
  9:      O-------------------------------->(O)


                  ___________            ___________
                 /           \          /           \
                /             \        /             \
  8:      O--->( 0      8    0 )----->( 0     9   (O) )
                \             /        \             /
                 \___________/          \___________/


  9: ****** IS COPIED FROM ***** <catalog>


                  ___________            ___________
                 /           \          /           \
                /             \        /             \
  8:      O--->( 0      8    0 )----->( 0     9   (O) )
                \             /        \             /
                 \___________/          \___________/


                     '.'
  9:      O-------------------------------->(O)


                  ___________            ___________
                 /           \          /           \
                /             \        /             \
  8:      O--->( 0      8    0 )----->( 0     9   (O) )
                \             /        \             /
                 \___________/          \___________/


  9: ****** IS COPIED FROM ***** <file name>


                  ___________            ___________
                 /           \          /           \
                /             \        /             \
  8:      O--->( 0      8    0 )----->( 0     9   (O) )
                \             /        \             /
                 \___________/          \___________/


                     '.'
  9:      O-------------------------------->(O)


                  ___________            ___________
                 /           \          /           \
                /             \        /             \
  8:      O--->( 0      8    0 )----->( 0     9   (O) )
                \             /        \             /
                 \___________/          \___________/


  9: ****** IS COPIED FROM ***** <extension>


                  ___________            ___________
                 /           \          /           \
                /             \        /             \
  8:      O--->( 0      8    0 )----->( 0     9   (O) )
                \             /        \             /
                 \___________/          \___________/


  9: ****** IS COPIED FROM ***** <opt key>


                  ___________            ___________
                 /           \          /           \
                /             \        /             \
  8:      O--->( 0      8    0 )----->( 0     9   (O) )
                \             /        \             /
                 \___________/          \___________/


   <user file> ******* IS ASSIGNED THE NFA ****  8
INPUT:   <opt user file> ::= <user file>  !  '' ;


  8: ****** IS COPIED FROM ***** <user file>


                     ''
 10:      O-------------------------------->(O)


                    ___________
                   /           \
                  /             \
               ->( 0      8    0 )____
              /   \             /     \
             /     \___________/       \
            /                           !
           /                            V
  8:      O                            (O)
           \                           /\
            \       ___________        /
             \     /           \      /
              \   /             \    /
               ->( 0     10    0 )__/
                  \             /
                   \___________/


   <opt user file> ******* IS ASSIGNED THE NFA ****  8
INPUT:   
INPUT:   <device name> ::= '#' ( ''  !  <identifier> ) ;


                     '#'
  8:      O-------------------------------->(O)


                     ''
 10:      O-------------------------------->(O)


 12: ****** IS COPIED FROM ***** <identifier>


                    ___________
                   /           \
                  /             \
               ->( 0     10    0 )____
              /   \             /     \
             /     \___________/       \
            /                           !
           /                            V
 10:      O                            (O)
           \                           /\
            \       ___________        /
             \     /           \      /
              \   /             \    /
               ->( 0     12    0 )__/
                  \             /
                   \___________/


  9: ******* IS THE NEW LABEL FOR **** 10


                  ___________            ___________
                 /           \          /           \
                /             \        /             \
  8:      O--->( 0      8    0 )----->( 0     9   (O) )
                \             /        \             /
                 \___________/          \___________/


   <device name> ******* IS ASSIGNED THE NFA ****  8
INPUT:   
INPUT:   <file descriptor> ::= <device name> !


  8: ****** IS COPIED FROM ***** <device name>
INPUT:                         <volume> ':' <opt user file>  !


 10: ****** IS COPIED FROM ***** <volume>


                     ':'
 11:      O-------------------------------->(O)


                  ___________            ___________
                 /           \          /           \
                /             \        /             \
 10:      O--->( 0     10    0 )----->( 0    11   (O) )
                \             /        \             /
                 \___________/          \___________/


 11: ****** IS COPIED FROM ***** <opt user file>


                  ___________            ___________
                 /           \          /           \
                /             \        /             \
 10:      O--->( 0     10    0 )----->( 0    11   (O) )
                \             /        \             /
                 \___________/          \___________/


                    ___________
                   /           \
                  /             \
               ->( 0      8    0 )____
              /   \             /     \
             /     \___________/       \
            /                           !
           /                            V
  8:      O                            (O)
           \                           /\
            \       ___________        /
             \     /           \      /
              \   /             \    /
               ->( 0     10    0 )__/
                  \             /
                   \___________/
INPUT:                         <user file>  !


 10: ****** IS COPIED FROM ***** <user file>


                    ___________
                   /           \
                  /             \
               ->( 0      8    0 )____
              /   \             /     \
             /     \___________/       \
            /                           !
           /                            V
  8:      O                            (O)
           \                           /\
            \       ___________        /
             \     /           \      /
              \   /             \    /
               ->( 0     10    0 )__/
                  \             /
                   \___________/
INPUT:                         <catalog> '.' <file name> '.' <extension> <opt key>  !


 10: ****** IS COPIED FROM ***** <catalog>


                     '.'
 11:      O-------------------------------->(O)


                  ___________            ___________
                 /           \          /           \
                /             \        /             \
 10:      O--->( 0     10    0 )----->( 0    11   (O) )
                \             /        \             /
                 \___________/          \___________/


 11: ****** IS COPIED FROM ***** <file name>


                  ___________            ___________
                 /           \          /           \
                /             \        /             \
 10:      O--->( 0     10    0 )----->( 0    11   (O) )
                \             /        \             /
                 \___________/          \___________/


                     '.'
 11:      O-------------------------------->(O)


                  ___________            ___________
                 /           \          /           \
                /             \        /             \
 10:      O--->( 0     10 )----->( 0    11   (O) )
                \             /        \             /
                 \___________/          \___________/


 11: ****** IS COPIED FROM ***** <extension>


                  ___________            ___________
                 /           \          /           \
                /             \        /             \
 10:      O--->( 0     10    0 )----->( 0    11   (O) )
                \             /        \             /
                 \___________/          \___________/


 11: ****** IS COPIED FROM ***** <opt key>


                  ___________            ___________
                 /           \          /           \
                /             \        /             \
 10:      O--->( 0     10    0 )----->( 0    11   (O) )
                \             /        \             /
                 \___________/          \___________/


                    ___________
                   /           \
                  /             \
               ->( 0      8    0 )____
              /   \             /     \
             /     \___________/       \
            /                           !
           /                            V
  8:      O                            (O)
           \                           /\
            \       ___________        /
             \     /           \      /
              \   /             \    /
               ->( 0     10    0 )__/
                  \             /
                   \___________/
INPUT:                         <file name> '.' <extension> <opt key>  !


 10: ****** IS COPIED FROM ***** <file name>


                     '.'
 11:      O-------------------------------->(O)


                  ___________            ___________
                 /           \          /           \
                /             \        /             \
 10:      O--->( 0     10    0 )----->( 0    11   (O) )
                \             /        \             /
                 \___________/          \___________/


 11: ****** IS COPIED FROM ***** <extension>


                  ___________            ___________
                 /           \          /           \
                /             \        /             \
 10:      O--->( 0     10    0 )----->( 0    11   (O) )
                \             /        \             /
                 \___________/          \___________/


 11: ****** IS COPIED FROM ***** <opt key>


                  ___________            ___________
                 /           \          /           \
                /             \        /             \
 10:      O--->( 0     10    0 )----->( 0    11   (O) )
                \             /        \             /
                 \___________/          \___________/


                    ___________
                   /           \
                  /             \
               ->( 0      8    0 )____
              /   \             /     \
             /     \___________/       \
            /                           !
           /                            V
  8:      O                            (O)
           \                           /\
            \       ___________        /
             \     /           \      /
              \   /             \    /
               ->( 0     10    0 )__/
                  \             /
                   \___________/
INPUT:                         <file name>  ;


 10: ****** IS COPIED FROM ***** <file name>


                    ___________
                   /           \
                  /             \
               ->( 0      8    0 )____
              /   \             /     \
             /     \___________/       \
            /                           !
           /                            V
  8:      O                            (O)
           \                           /\
            \       ___________        /
             \     /           \      /
              \   /             \    /
               ->( 0     10    0 )__/
                  \             /
                   \___________/


   <file descriptor> ******* IS ASSIGNED THE NFA ****  8
INPUT:   
INPUT:   <rw access> ::= "alpha"  !  '-' "alpha" ;
     *****      "alpha" is undefined - will use null string nfa and continue.


                     ''
  8:      O-------------------------------->(O)


                     '-'
 10:      O-------------------------------->(O)
     *****      "alpha" is undefined - will use null string nfa and continue.


                     ''
 11:      O-------------------------------->(O)


                  ___________            ___________
                 /           \          /           \
                /             \        /             \
 10:      O--->( 0     10    0 )----->( 0    11   (O) )
                \             /        \             /
                 \___________/          \___________/


                    ___________
                   /           \
                  /             \
               ->( 0      8    0 )____
              /   \             /     \
             /     \___________/       \
            /                           !
           /                            V
  8:      O                            (O)
           \                           /\
            \       ___________        /
             \     /           \      /
              \   /             \    /
               ->( 0     10    0 )__/
                  \             /
                   \___________/


   <rw access> ******* IS ASSIGNED THE NFA ****  8
INPUT:   <access code> ::= <rw access>  !


  8: ****** IS COPIED FROM ***** <rw access>
INPUT:                     <rw access> <rw access> ;


 10: ****** IS COPIED FROM ***** <rw access>


 11: ****** IS COPIED FROM ***** <rw access>


                  ___________            ___________
                 /           \          /           \
                /             \        /             \
 10:      O--->( 0     10    0 )----->( 0    11   (O) )
                \             /        \             /
                 \___________/          \___________/


                    ___________
                   /           \
                  /             \
               ->( 0      8    0 )____
              /   \             /     \
             /     \___________/       \
            /                           !
           /                            V
  8:      O                            (O)
           \                           /\
            \       ___________        /
             \     /           \      /
              \   /             \    /
               ->( 0     10    0 )__/
                  \             /
                   \___________/


   <access code> ******* IS ASSIGNED THE NFA ****  8
INPUT:   <option> ::= <alpha>  !
     *****      <alpha> is undefined - will use null string nfa and continue.


                     ''
  8:      O-------------------------------->(O)
INPUT:                <alpha> '=' <digit sequence>  !
     *****      <alpha> is undefined - will use null string nfa and continue.


                     ''
 10:      O-------------------------------->(O)


                     '='
 11:      O-------------------------------->(O)


                  ___________            ___________
                 /           \          /           \
                /             \        /             \
 10:      O--->( 0     10    0 )----->( 0    11   (O) )
                \             /        \             /
                 \___________/          \___________/


 11: ****** IS COPIED FROM ***** <digit sequence>


                  ___________            ___________
                 /           \          /           \
                /             \        /             \
 10:      O--->( 0     10    0 )----->( 0    11   (O) )
                \             /        \             /
                 \___________/          \___________/


                    ___________
                   /           \
                  /             \
               ->( 0      8    0 )____
              /   \             /     \
             /     \___________/       \
            /                           !
           /                            V
  8:      O                            (O)
           \                           /\
            \       ___________        /
             \     /           \      /
              \   /             \    /
               ->( 0     10    0 )__/
                  \             /
                   \___________/
INPUT:                <access code> ;


 10: ****** IS COPIED FROM ***** <access code>


                    ___________
                   /           \
                  /             \
               ->( 0      8    0 )____
              /   \             /     \
             /     \___________/       \
            /                           !
           /                            V
  8:      O                            (O)
           \                           /\
            \       ___________        /
             \     /           \      /
              \   /             \    /
               ->( 0     10    0 )__/
                  \             /
                   \___________/


   <option> ******* IS ASSIGNED THE NFA ****  8
INPUT:   <another option> ::= ',' <option> ;


                     ','
  8:      O-------------------------------->(O)


  9: ****** IS COPIED FROM ***** <option>


                  ___________            ___________
                 /           \          /           \
                /             \        /             \
  8:      O--->( 0      8    0 )----->( 0     9   (O) )
                \             /        \             /
                 \___________/          \___________/


   <another option> ******* IS ASSIGNED THE NFA ****  8
INPUT:   <option list>::= ';' <option> <another option>* ;


                     ';'
  8:      O-------------------------------->(O)


  9: ****** IS COPIED FROM ***** <option>


                  ___________            ___________
                 /           \          /           \
                /             \        /             \
  8:      O--->( 0      8    0 )----->( 0     9   (O) )
                \             /        \             /
                 \___________/          \___________/


  9: ****** IS COPIED FROM ***** <another option>


                    ____________
                   /            \
                  !              \
                  ! ___________   !
                  V/           \  !
                  /             \/
               ->( 0      9    0 )____
              /   \             /     \
             /     \___________/       \
            /                           !
           /                            V
  9:      O                            (O)
           \                           /\
            \                          /
             \________________________/


                  ___________            ___________
                 /           \          /           \
                /             \        /             \
  8:      O--->( 0      8    0 )----->( 0     9   (O) )
                \             /        \             /
                 \___________/          \___________/


   <option list> ******* IS ASSIGNED THE NFA ****  8
INPUT:   
INPUT:   <resource name string> ::= <file descriptor> <option list>  !


  8: ****** IS COPIED FROM ***** <file descriptor>


  9: ****** IS COPIED FROM ***** <option list>


                  ___________            ___________
                 /           \          /           \
                /             \        /             \
  8:      O--->( 0      8    0 )----->( 0     9   (O) )
                \             /        \             /
                 \___________/          \___________/
INPUT:                              <file descriptor>  !


 10: ****** IS COPIED FROM ***** <file descriptor>


                    ___________
                   /           \
                  /             \
               ->( 0      8    0 )____
              /   \             /     \
             /     \___________/       \
            /                           !
           /                            V
  8:      O                            (O)
           \                           /\
            \       ___________        /
             \     /           \      /
              \   /             \    /
               ->( 0     10    0 )__/
                  \             /
                   \___________/
INPUT:                              <option list> ;


 10: ****** IS COPIED FROM ***** <option list>


                    ___________
                   /           \
                  /             \
               ->( 0      8    0 )____
              /   \             /     \
             /     \___________/       \
            /                           !
           /                            V
  8:      O                            (O)
           \                           /\
            \       ___________        /
             \     /           \      /
              \   /             \    /
               ->( 0     10    0 )__/
                  \             /
                   \___________/


   <resource name string> ******* IS ASSIGNED THE NFA ****  8
INPUT:   
INPUT:   <file spec> ::= <resource name string> ;


  8: ****** IS COPIED FROM ***** <resource name string>


   <file spec> ******* IS ASSIGNED THE NFA ****  8
INPUT:   
INPUT:   
INPUT:   <file defaults> ::= "null" ;


                     "null"
  8:      O-------------------------------->(O)


   <file defaults> ******* IS ASSIGNED THE NFA ****  8
INPUT:   <bad spec> ::= "null" ;


                     "null"
  8:      O-------------------------------->(O)


   <bad spec> ******* IS ASSIGNED THE NFA ****  8
*****SYNTAX ERROR:WILL FLUSH TO NEXT ";" OR EOF AND CONTINUE


*** NFA <*****END OF DATA*****>:

0000030441:'*****END OF DATA*****'      0000030447    - NIL -  
0000030447:''                             - NIL -     - NIL -  


*** NFA <file spec>:

0000064761:''                           0000064767    - NIL -  
0000064767:''                           0000064657    - NIL -  
0000064745:'digit'                      0000064753    - NIL -  
0000064753:''                           0000064737  0000064745
0000064731:''                           0000064745    - NIL -  
0000064715:'='                          0000064723    - NIL -  
0000064701:''                           0000064707    - NIL -  
0000064707:''                           0000064715    - NIL -  
0000064673:''                           0000064701    - NIL -  
0000064723:''                           0000064731    - NIL -  
0000064665:''                           0000064673    - NIL -  
0000064737:''                           0000064657    - NIL -  
0000064651:''                           0000064761  0000064665
0000064657:''                           0000064357    - NIL -  
0000064635:''                           0000064643    - NIL -  
0000064643:''                           0000064571    - NIL -  
0000064621:''                           0000064627    - NIL -  
0000064605:'-'                          0000064613    - NIL -  
0000064613:''                           0000064621    - NIL -  
0000064577:''                           0000064605    - NIL -  
0000064627:''                           0000064571    - NIL -  
0000064563:''                           0000064635  0000064577
0000064571:''                           0000064373    - NIL -  
0000064547:''                           0000064555    - NIL -  
0000064555:''                           0000064503    - NIL -  
0000064533:''                           0000064541    - NIL -  
0000064517:'-'                          0000064525    - NIL -  
0000064525:''                           0000064533    - NIL -  
0000064511:''                           0000064517    - NIL -  
0000064541:''                           0000064503    - NIL -  
0000064475:''                           0000064547  0000064511
0000064461:''                           0000064467    - NIL -  
0000064467:''                           0000064415    - NIL -  
0000064445:''                           0000064453    - NIL -  
0000064431:'-'                          0000064437    - NIL -  
0000064437:''                           0000064445    - NIL -  
0000064423:''                           0000064431    - NIL -  
0000064453:''                           0000064415    - NIL -  
0000064407:''                           0000064461  0000064423
0000064415:''                           0000064475    - NIL -  
0000064401:''                           0000064407    - NIL -  
0000064503:''                           0000064373    - NIL -  
0000064365:''                           0000064563  0000064401
0000064373:''                           0000064357    - NIL -  
0000064351:''                           0000064651  0000064365
0000064335:','                          0000064343    - NIL -  
0000064343:''                           0000064351    - NIL -  
0000064327:''                           0000064335    - NIL -  
0000064357:''                           0000064321  0000064327
0000064313:''                           0000064327  0000064321
0000064277:''                           0000064305    - NIL -  
0000064305:''                           0000064175    - NIL -  
0000064263:'digit'                      0000064271    - NIL -  
0000064271:''                           0000064255  0000064263
0000064247:''                           0000064263    - NIL -  
0000064233:'='                          0000064241    - NIL -  
0000064217:''                           0000064225    - NIL -  
0000064225:''                           0000064233    - NIL -  
0000064211:''                           0000064217    - NIL -  
0000064241:''                           0000064247    - NIL -  
0000064203:''                           0000064211    - NIL -  
0000064255:''                           0000064175    - NIL -  
0000064167:''                           0000064277  0000064203
0000064175:''                           0000063675    - NIL -  
0000064153:''                           0000064161    - NIL -  
0000064161:''                           0000064107    - NIL -  
0000064137:''                           0000064145    - NIL -  
0000064123:'-'                          0000064131    - NIL -  
0000064131:''                           0000064137    - NIL -  
0000064115:''                           0000064123    - NIL -  
0000064145:''                           0000064107    - NIL -  
0000064101:''                           0000064153  0000064115
0000064107:''                           0000063711    - NIL -  
0000064065:''                           0000064073    - NIL -  
0000064073:''                           0000064021    - NIL -  
0000064051:''                           0000064057    - NIL -  
0000064035:'-'                          0000064043    - NIL -  
0000064043:''                           0000064051    - NIL -  
0000064027:''                           0000064035    - NIL -  
0000064057:''                           0000064021    - NIL -  
0000064013:''                           0000064065  0000064027
0000063777:''                           0000064005    - NIL -  
0000064005:''                           0000063733    - NIL -  
0000063763:''                           0000063771    - NIL -  
0000063747:'-'                          0000063755    - NIL -  
0000063755:''                           0000063763    - NIL -  
0000063741:''                           0000063747    - NIL -  
0000063771:''                           0000063733    - NIL -  
0000063725:''                           0000063777  0000063741
0000063733:''                           0000064013    - NIL -  
0000063717:''                           0000063725    - NIL -  
0000064021:''                           0000063711    - NIL -  
0000063703:''                           0000064101  0000063717
0000063711:''                           0000063675    - NIL -  
0000063667:''                           0000064167  0000063703
0000063653:';'                          0000063661    - NIL -  
0000063661:''                           0000063667    - NIL -  
0000063645:''                           0000063653    - NIL -  
0000063675:''                           0000064313    - NIL -  
0000063637:''                           0000063645    - NIL -  
0000063623:''                           0000063631    - NIL -  
0000063631:''                           0000063565    - NIL -  
0000063607:"alphanums"                  0000063615    - NIL -  
0000063615:''                           0000063601  0000063607
0000063573:''                           0000063607    - NIL -  
0000063601:''                           0000063565    - NIL -  
0000063557:''                           0000063623  0000063573
0000063543:'#'                          0000063551    - NIL -  
0000063551:''                           0000063557    - NIL -  
0000063535:''                           0000063543    - NIL -  
0000063565:''                           0000062465    - NIL -  
0000063521:')'                          0000063527    - NIL -  
0000063505:'a_thru_p'                   0000063513    - NIL -  
0000063471:'a_thru_p'                   0000063477    - NIL -  
0000063477:''                           0000063505    - NIL -  
0000063463:''                           0000063471    - NIL -  
0000063447:'a_thru_p'                   0000063455    - NIL -  
0000063433:'a_thru_p'                   0000063441    - NIL -  
0000063441:''                           0000063447    - NIL -  
0000063425:''                           0000063433    - NIL -  
0000063411:'('                          0000063417    - NIL -  
0000063417:''                           0000063425    - NIL -  
0000063403:''                           0000063411    - NIL -  
0000063455:''                           0000063463    - NIL -  
0000063375:''                           0000063403    - NIL -  
0000063513:''                           0000063521    - NIL -  
0000063367:''                           0000063375    - NIL -  
0000063527:''                           0000063257    - NIL -  
0000063353:')'                          0000063361    - NIL -  
0000063337:'a_thru_p'                   0000063345    - NIL -  
0000063323:'a_thru_p'                   0000063331    - NIL -  
0000063331:''                           0000063337    - NIL -  
0000063315:''                           0000063323    - NIL -  
0000063301:'('                          0000063307    - NIL -  
0000063307:''                           0000063315    - NIL -  
0000063273:''                           0000063301    - NIL -  
0000063345:''                           0000063353    - NIL -  
0000063265:''                           0000063273    - NIL -  
0000063361:''                           0000063257    - NIL -  
0000063251:''                           0000063367  0000063265
0000063257:''                           0000063227    - NIL -  
0000063235:''                           0000063243    - NIL -  
0000063243:''                           0000063227    - NIL -  
0000063221:''                           0000063251  0000063235
0000063205:"alphanums"                  0000063213    - NIL -  
0000063213:''                           0000063177  0000063205
0000063171:''                           0000063205    - NIL -  
0000063177:''                           0000063147    - NIL -  
0000063155:''                           0000063163    - NIL -  
0000063163:''                           0000063147    - NIL -  
0000063141:''                           0000063171  0000063155
0000063125:'.'                          0000063133    - NIL -  
0000063111:"alphanums"                  0000063117    - NIL -  
0000063117:''                           0000063103  0000063111
0000063075:''                           0000063111    - NIL -  
0000063061:'.'                          0000063067    - NIL -  
0000063045:"alphanums"                  0000063053    - NIL -  
0000063053:''                           0000063037  0000063045
0000063031:''                           0000063045    - NIL -  
0000063037:''                           0000063007    - NIL -  
0000063015:''                           0000063023    - NIL -  
0000063023:''                           0000063007    - NIL -  
0000063001:''                           0000063031  0000063015
0000062765:'.'                          0000062773    - NIL -  
0000062751:'digit'                      0000062757    - NIL -  
0000062757:''                           0000062743  0000062751
0000062735:''                           0000062751    - NIL -  
0000062743:''                           0000062713    - NIL -  
0000062721:''                           0000062727    - NIL -  
0000062727:''                           0000062713    - NIL -  
0000062705:''                           0000062735  0000062721
0000062713:''                           0000062765    - NIL -  
0000062677:''                           0000062705    - NIL -  
0000062773:''                           0000063001    - NIL -  
0000062671:''                           0000062677    - NIL -  
0000063007:''                           0000063061    - NIL -  
0000062663:''                           0000062671    - NIL -  
0000063067:''                           0000063075    - NIL -  
0000062655:''                           0000062663    - NIL -  
0000063103:''                           0000063125    - NIL -  
0000062647:''                           0000062655    - NIL -  
0000063133:''                           0000063141    - NIL -  
0000062641:''                           0000062647    - NIL -  
0000063147:''                           0000063221    - NIL -  
0000062633:''                           0000062641    - NIL -  
0000063227:''                           0000062611    - NIL -  
0000062617:''                           0000062625    - NIL -  
0000062625:''                           0000062611    - NIL -  
0000062603:''                           0000062633  0000062617
0000062567:':'                          0000062575    - NIL -  
0000062553:"alphanums"                  0000062561    - NIL -  
0000062561:''                           0000062545  0000062553
0000062537:''                           0000062553    - NIL -  
0000062545:''                           0000062515    - NIL -  
0000062523:''                           0000062531    - NIL -  
0000062531:''                           0000062515    - NIL -  
0000062507:''                           0000062537  0000062523
0000062515:''                           0000062567    - NIL -  
0000062501:''                           0000062507    - NIL -  
0000062575:''                           0000062603    - NIL -  
0000062473:''                           0000062501    - NIL -  
0000062611:''                           0000062465    - NIL -  
0000062457:''                           0000063535  0000062473
0000062465:''                           0000061547    - NIL -  
0000062443:')'                          0000062451    - NIL -  
0000062427:'a_thru_p'                   0000062435    - NIL -  
0000062413:'a_thru_p'                   0000062421    - NIL -  
0000062421:''                           0000062427    - NIL -  
0000062405:''                           0000062413    - NIL -  
0000062371:'a_thru_p'                   0000062377    - NIL -  
0000062355:'a_thru_p'                   0000062363    - NIL -  
0000062363:''                           0000062371    - NIL -  
0000062347:''                           0000062355    - NIL -  
0000062333:'('                          0000062341    - NIL -  
0000062341:''                           0000062347    - NIL -  
0000062325:''                           0000062333    - NIL -  
0000062377:''                           0000062405    - NIL -  
0000062317:''                           0000062325    - NIL -  
0000062435:''                           0000062443    - NIL -  
0000062311:''                           0000062317    - NIL -  
0000062451:''                           0000062201    - NIL -  
0000062275:')'                          0000062303    - NIL -  
0000062261:'a_thru_p'                   0000062267    - NIL -  
0000062245:'a_thru_p'                   0000062253    - NIL -  
0000062253:''                           0000062261    - NIL -  
0000062237:''                           0000062245    - NIL -  
0000062223:'('                          0000062231    - NIL -  
0000062231:''                           0000062237    - NIL -  
0000062215:''                           0000062223    - NIL -  
0000062267:''                           0000062275    - NIL -  
0000062207:''                           0000062215    - NIL -  
0000062303:''                           0000062201    - NIL -  
0000062173:''                           0000062311  0000062207
0000062201:''                           0000062151    - NIL -  
0000062157:''                           0000062165    - NIL -  
0000062165:''                           0000062151    - NIL -  
0000062143:''                           0000062173  0000062157
0000062127:"alphanums"                  0000062135    - NIL -  
0000062135:''                           0000062121  0000062127
0000062113:''                           0000062127    - NIL -  
0000062121:''                           0000062071    - NIL -  
0000062077:''                           0000062105    - NIL -  
0000062105:''                           0000062071    - NIL -  
0000062063:''                           0000062113  0000062077
0000062047:'.'                          0000062055    - NIL -  
0000062033:"alphanums"                  0000062041    - NIL -  
0000062041:''                           0000062025  0000062033
0000062017:''                           0000062033    - NIL -  
0000062003:'.'                          0000062011    - NIL -  
0000061767:"alphanums"                  0000061775    - NIL -  
0000061775:''                           0000061761  0000061767
0000061753:''                           0000061767    - NIL -  
0000061761:''                           0000061731    - NIL -  
0000061737:''                           0000061745    - NIL -  
0000061745:''                           0000061731    - NIL -  
0000061723:''                           0000061753  0000061737
0000061707:'.'                          0000061715    - NIL -  
0000061673:'digit'                      0000061701    - NIL -  
0000061701:''                           0000061665  0000061673
0000061657:''                           0000061673    - NIL -  
0000061665:''                           0000061635    - NIL -  
0000061643:''                           0000061651    - NIL -  
0000061651:''                           0000061635    - NIL -  
0000061627:''                           0000061657  0000061643
0000061635:''                           0000061707    - NIL -  
0000061621:''                           0000061627    - NIL -  
0000061715:''                           0000061723    - NIL -  
0000061613:''                           0000061621    - NIL -  
0000061731:''                           0000062003    - NIL -  
0000061605:''                           0000061613    - NIL -  
0000062011:''                           0000062017    - NIL -  
0000061577:''                           0000061605    - NIL -  
0000062025:''                           0000062047    - NIL -  
0000061571:''                           0000061577    - NIL -  
0000062055:''                           0000062063    - NIL -  
0000061563:''                           0000061571    - NIL -  
0000062071:''                           0000062143    - NIL -  
0000061555:''                           0000061563    - NIL -  
0000062151:''                           0000061547    - NIL -  
0000061541:''                           0000062457  0000061555
0000061547:''                           0000060741    - NIL -  
0000061525:')'                          0000061533    - NIL -  
0000061511:'a_thru_p'                   0000061517    - NIL -  
0000061475:'a_thru_p'                   0000061503    - NIL -  
0000061503:''                           0000061511    - NIL -  
0000061467:''                           0000061475    - NIL -  
0000061453:'a_thru_p'                   0000061461    - NIL -  
0000061437:'a_thru_p'                   0000061445    - NIL -  
0000061445:''                           0000061453    - NIL -  
0000061431:''                           0000061437    - NIL -  
0000061415:'('                          0000061423    - NIL -  
0000061423:''                           0000061431    - NIL -  
0000061407:''                           0000061415    - NIL -  
0000061461:''                           0000061467    - NIL -  
0000061401:''                           0000061407    - NIL -  
0000061517:''                           0000061525    - NIL -  
0000061373:''                           0000061401    - NIL -  
0000061533:''                           0000061263    - NIL -  
0000061357:')'                          0000061365    - NIL -  
0000061343:'a_thru_p'                   0000061351    - NIL -  
0000061327:'a_thru_p'                   0000061335    - NIL -  
0000061335:''                           0000061343    - NIL -  
0000061321:''                           0000061327    - NIL -  
0000061305:'('                          0000061313    - NIL -  
0000061313:''                           0000061321    - NIL -  
0000061277:''                           0000061305    - NIL -  
0000061351:''                           0000061357    - NIL -  
0000061271:''                           0000061277    - NIL -  
0000061365:''                           0000061263    - NIL -  
0000061255:''                           0000061373  0000061271
0000061263:''                           0000061233    - NIL -  
0000061241:''                           0000061247    - NIL -  
0000061247:''                           0000061233    - NIL -  
0000061225:''                           0000061255  0000061241
0000061211:"alphanums"                  0000061217    - NIL -  
0000061217:''                           0000061203  0000061211
0000061175:''                           0000061211    - NIL -  
0000061203:''                           0000061153    - NIL -  
0000061161:''                           0000061167    - NIL -  
0000061167:''                           0000061153    - NIL -  
0000061145:''                           0000061175  0000061161
0000061131:'.'                          0000061137    - NIL -  
0000061115:"alphanums"                  0000061123    - NIL -  
0000061123:''                           0000061107  0000061115
0000061101:''                           0000061115    - NIL -  
0000061065:'.'                          0000061073    - NIL -  
0000061051:"alphanums"                  0000061057    - NIL -  
0000061057:''                           0000061043  0000061051
0000061035:''                           0000061051    - NIL -  
0000061043:''                           0000061013    - NIL -  
0000061021:''                           0000061027    - NIL -  
0000061027:''                           0000061013    - NIL -  
0000061005:''                           0000061035  0000061021
0000061013:''                           0000061065    - NIL -  
0000060777:''                           0000061005    - NIL -  
0000061073:''                           0000061101    - NIL -  
0000060771:''                           0000060777    - NIL -  
0000061107:''                           0000061131    - NIL -  
0000060763:''                           0000060771    - NIL -  
0000061137:''                           0000061145    - NIL -  
0000060755:''                           0000060763    - NIL -  
0000061153:''                           0000061225    - NIL -  
0000060747:''                           0000060755    - NIL -  
0000061233:''                           0000060741    - NIL -  
0000060733:''                           0000061541  0000060747
0000060741:''                           0000060243    - NIL -  
0000060717:')'                          0000060725    - NIL -  
0000060703:'a_thru_p'                   0000060711    - NIL -  
0000060667:'a_thru_p'                   0000060675    - NIL -  
0000060675:''                           0000060703    - NIL -  
0000060661:''                           0000060667    - NIL -  
0000060645:'a_thru_p'                   0000060653    - NIL -  
0000060631:'a_thru_p'                   0000060637    - NIL -  
0000060637:''                           0000060645    - NIL -  
0000060623:''                           0000060631    - NIL -  
0000060607:'('                          0000060615    - NIL -  
0000060615:''                           0000060623    - NIL -  
0000060601:''                           0000060607    - NIL -  
0000060653:''                           0000060661    - NIL -  
0000060573:''                           0000060601    - NIL -  
0000060711:''                           0000060717    - NIL -  
0000060565:''                           0000060573    - NIL -  
0000060725:''                           0000060455    - NIL -  
0000060551:')'                          0000060557    - NIL -  
0000060535:'a_thru_p'                   0000060543    - NIL -  
0000060521:'a_thru_p'                   0000060527    - NIL -  
0000060527:''                           0000060535    - NIL -  
0000060513:''                           0000060521    - NIL -  
0000060477:'('                          0000060505    - NIL -  
0000060505:''                           0000060513    - NIL -  
0000060471:''                           0000060477    - NIL -  
0000060543:''                           0000060551    - NIL -  
0000060463:''                           0000060471    - NIL -  
0000060557:''                           0000060455    - NIL -  
0000060447:''                           0000060565  0000060463
0000060455:''                           0000060425    - NIL -  
0000060433:''                           0000060441    - NIL -  
0000060441:''                           0000060425    - NIL -  
0000060417:''                           0000060447  0000060433
0000060403:"alphanums"                  0000060411    - NIL -  
0000060411:''                           0000060375  0000060403
0000060367:''                           0000060403    - NIL -  
0000060375:''                           0000060345    - NIL -  
0000060353:''                           0000060361    - NIL -  
0000060361:''                           0000060345    - NIL -  
0000060337:''                           0000060367  0000060353
0000060323:'.'                          0000060331    - NIL -  
0000060307:"alphanums"                  0000060315    - NIL -  
0000060315:''                           0000060301  0000060307
0000060273:''                           0000060307    - NIL -  
0000060301:''                           0000060323    - NIL -  
0000060265:''                           0000060273    - NIL -  
0000060331:''                           0000060337    - NIL -  
0000060257:''                           0000060265    - NIL -  
0000060345:''                           0000060417    - NIL -  
0000060251:''                           0000060257    - NIL -  
0000060425:''                           0000060243    - NIL -  
0000060235:''                           0000060733  0000060251
0000060243:''                           0000060177    - NIL -  
0000060221:"alphanums"                  0000060227    - NIL -  
0000060227:''                           0000060213  0000060221
0000060205:''                           0000060221    - NIL -  
0000060213:''                           0000060177    - NIL -  
0000060171:''                           0000060235  0000060205
0000060177:''                           0000063637    - NIL -  
0000060163:''                           0000060171    - NIL -  
0000064321:''                           0000054507    - NIL -  
0000060147:''                           0000060155    - NIL -  
0000060155:''                           0000060111    - NIL -  
0000060133:"alphanums"                  0000060141    - NIL -  
0000060141:''                           0000060125  0000060133
0000060117:''                           0000060133    - NIL -  
0000060125:''                           0000060111    - NIL -  
0000060103:''                           0000060147  0000060117
0000060067:'#'                          0000060075    - NIL -  
0000060075:''                           0000060103    - NIL -  
0000060061:''                           0000060067    - NIL -  
0000060111:''                           0000057011    - NIL -  
0000060045:')'                          0000060053    - NIL -  
0000060031:'a_thru_p'                   0000060037    - NIL -  
0000060015:'a_thru_p'                   0000060023    - NIL -  
0000060023:''                           0000060031    - NIL -  
0000060007:''                           0000060015    - NIL -  
0000057773:'a_thru_p'                   0000060001    - NIL -  
0000057757:'a_thru_p'                   0000057765    - NIL -  
0000057765:''                           0000057773    - NIL -  
0000057751:''                           0000057757    - NIL -  
0000057735:'('                          0000057743    - NIL -  
0000057743:''                           0000057751    - NIL -  
0000057727:''                           0000057735    - NIL -  
0000060001:''                           0000060007    - NIL -  
0000057721:''                           0000057727    - NIL -  
0000060037:''                           0000060045    - NIL -  
0000057713:''                           0000057721    - NIL -  
0000060053:''                           0000057603    - NIL -  
0000057677:')'                          0000057705    - NIL -  
0000057663:'a_thru_p'                   0000057671    - NIL -  
0000057647:'a_thru_p'                   0000057655    - NIL -  
0000057655:''                           0000057663    - NIL -  
0000057641:''                           0000057647    - NIL -  
0000057625:'('                          0000057633    - NIL -  
0000057633:''                           0000057641    - NIL -  
0000057617:''                           0000057625    - NIL -  
0000057671:''                           0000057677    - NIL -  
0000057611:''                           0000057617    - NIL -  
0000057705:''                           0000057603    - NIL -  
0000057575:''                           0000057713  0000057611
0000057603:''                           0000057553    - NIL -  
0000057561:''                           0000057567    - NIL -  
0000057567:''                           0000057553    - NIL -  
0000057545:''                           0000057575  0000057561
0000057531:"alphanums"                  0000057537    - NIL -  
0000057537:''                           0000057523  0000057531
0000057515:''                           0000057531    - NIL -  
0000057523:''                           0000057473    - NIL -  
0000057501:''                           0000057507    - NIL -  
0000057507:''                           0000057473    - NIL -  
0000057465:''                           0000057515  0000057501
0000057451:'.'                          0000057457    - NIL -  
0000057435:"alphanums"                  0000057443    - NIL -  
0000057443:''                           0000057427  0000057435
0000057421:''                           0000057435    - NIL -  
0000057405:'.'                          0000057413    - NIL -  
0000057371:"alphanums"                  0000057377    - NIL -  
0000057377:''                           0000057363  0000057371
0000057355:''                           0000057371    - NIL -  
0000057363:''                           0000057333    - NIL -  
0000057341:''                           0000057347    - NIL -  
0000057347:''                           0000057333    - NIL -  
0000057325:''                           0000057355  0000057341
0000057311:'.'                          0000057317    - NIL -  
0000057275:'digit'                      0000057303    - NIL -  
0000057303:''                           0000057267  0000057275
0000057261:''                           0000057275    - NIL -  
0000057267:''                           0000057237    - NIL -  
0000057245:''                           0000057253    - NIL -  
0000057253:''                           0000057237    - NIL -  
0000057231:''                           0000057261  0000057245
0000057237:''                           0000057311    - NIL -  
0000057223:''                           0000057231    - NIL -  
0000057317:''                           0000057325    - NIL -  
0000057215:''                           0000057223    - NIL -  
0000057333:''                           0000057405    - NIL -  
0000057207:''                           0000057215    - NIL -  
0000057413:''                           0000057421    - NIL -  
0000057201:''                           0000057207    - NIL -  
0000057427:''                           0000057451    - NIL -  
0000057173:''                           0000057201    - NIL -  
0000057457:''                           0000057465    - NIL -  
0000057165:''                           0000057173    - NIL -  
0000057473:''                           0000057545    - NIL -  
0000057157:''                           0000057165    - NIL -  
0000057553:''                           0000057135    - NIL -  
0000057143:''                           0000057151    - NIL -  
0000057151:''                           0000057135    - NIL -  
0000057127:''                           0000057157  0000057143
0000057113:':'                          0000057121    - NIL -  
0000057077:"alphanums"                  0000057105    - NIL -  
0000057105:''                           0000057071  0000057077
0000057063:''                           0000057077    - NIL -  
0000057071:''                           0000057041    - NIL -  
0000057047:''                           0000057055    - NIL -  
0000057055:''                           0000057041    - NIL -  
0000057033:''                           0000057063  0000057047
0000057041:''                           0000057113    - NIL -  
0000057025:''                           0000057033    - NIL -  
0000057121:''                           0000057127    - NIL -  
0000057017:''                           0000057025    - NIL -  
0000057135:''                           0000057011    - NIL -  
0000057003:''                           0000060061  0000057017
0000057011:''                           0000056073    - NIL -  
0000056767:')'                          0000056775    - NIL -  
0000056753:'a_thru_p'                   0000056761    - NIL -  
0000056737:'a_thru_p'                   0000056745    - NIL -  
0000056745:''                           0000056753    - NIL -  
0000056731:''                           0000056737    - NIL -  
0000056715:'a_thru_p'                   0000056723    - NIL -  
0000056701:'a_thru_p'                   0000056707    - NIL -  
0000056707:''                           0000056715    - NIL -  
0000056673:''                           0000056701    - NIL -  
0000056657:'('                          0000056665    - NIL -  
0000056665:''                           0000056673    - NIL -  
0000056651:''                           0000056657    - NIL -  
0000056723:''                           0000056731    - NIL -  
0000056643:''                           0000056651    - NIL -  
0000056761:''                           0000056767    - NIL -  
0000056635:''                           0000056643    - NIL -  
0000056775:''                           0000056525    - NIL -  
0000056621:')'                          0000056627    - NIL -  
0000056605:'a_thru_p'                   0000056613    - NIL -  
0000056571:'a_thru_p'                   0000056577    - NIL -  
0000056577:''                           0000056605    - NIL -  
0000056563:''                           0000056571    - NIL -  
0000056547:'('                          0000056555    - NIL -  
0000056555:''                           0000056563    - NIL -  
0000056541:''                           0000056547    - NIL -  
0000056613:''                           0000056621    - NIL -  
0000056533:''                           0000056541    - NIL -  
0000056627:''                           0000056525    - NIL -  
0000056517:''                           0000056635  0000056533
0000056525:''                           0000056475    - NIL -  
0000056503:''                           0000056511    - NIL -  
0000056511:''                           0000056475    - NIL -  
0000056467:''                           0000056517  0000056503
0000056453:"alphanums"                  0000056461    - NIL -  
0000056461:''                           0000056445  0000056453
0000056437:''                           0000056453    - NIL -  
0000056445:''                           0000056415    - NIL -  
0000056423:''                           0000056431    - NIL -  
0000056431:''                           0000056415    - NIL -  
0000056407:''                           0000056437  0000056423
0000056373:'.'                          0000056401    - NIL -  
0000056357:"alphanums"                  0000056365    - NIL -  
0000056365:''                           0000056351  0000056357
0000056343:''                           0000056357    - NIL -  
0000056327:'.'                          0000056335    - NIL -  
0000056313:"alphanums"                  0000056321    - NIL -  
0000056321:''                           0000056305  0000056313
0000056277:''                           0000056313    - NIL -  
0000056305:''                           0000056255    - NIL -  
0000056263:''                           0000056271    - NIL -  
0000056271:''                           0000056255    - NIL -  
0000056247:''                           0000056277  0000056263
0000056233:'.'                          0000056241    - NIL -  
0000056217:'digit'                      0000056225    - NIL -  
0000056225:''                           0000056211  0000056217
0000056203:''                           0000056217    - NIL -  
0000056211:''                           0000056161    - NIL -  
0000056167:''                           0000056175    - NIL -  
0000056175:''                           0000056161    - NIL -  
0000056153:''                           0000056203  0000056167
0000056161:''                           0000056233    - NIL -  
0000056145:''                           0000056153    - NIL -  
0000056241:''                           0000056247    - NIL -  
0000056137:''                           0000056145    - NIL -  
0000056255:''                           0000056327    - NIL -  
0000056131:''                           0000056137    - NIL -  
0000056335:''                           0000056343    - NIL -  
0000056123:''                           0000056131    - NIL -  
0000056351:''                           0000056373    - NIL -  
0000056115:''                           0000056123    - NIL -  
0000056401:''                           0000056407    - NIL -  
0000056107:''                           0000056115    - NIL -  
0000056415:''                           0000056467    - NIL -  
0000056101:''                           0000056107    - NIL -  
0000056475:''                           0000056073    - NIL -  
0000056065:''                           0000057003  0000056101
0000056073:''                           0000055265    - NIL -  
0000056051:')'                          0000056057    - NIL -  
0000056035:'a_thru_p'                   0000056043    - NIL -  
0000056021:'a_thru_p'                   0000056027    - NIL -  
0000056027:''                           0000056035    - NIL -  
0000056013:''                           0000056021    - NIL -  
0000055777:'a_thru_p'                   0000056005    - NIL -  
0000055763:'a_thru_p'                   0000055771    - NIL -  
0000055771:''                           0000055777    - NIL -  
0000055755:''                           0000055763    - NIL -  
0000055741:'('                          0000055747    - NIL -  
0000055747:''                           0000055755    - NIL -  
0000055733:''                           0000055741    - NIL -  
0000056005:''                           0000056013    - NIL -  
0000055725:''                           0000055733    - NIL -  
0000056043:''                           0000056051    - NIL -  
0000055717:''                           0000055725    - NIL -  
0000056057:''                           0000055607    - NIL -  
0000055703:')'                          0000055711    - NIL -  
0000055667:'a_thru_p'                   0000055675    - NIL -  
0000055653:'a_thru_p'                   0000055661    - NIL -  
0000055661:''                           0000055667    - NIL -  
0000055645:''                           0000055653    - NIL -  
0000055631:'('                          0000055637    - NIL -  
0000055637:''                           0000055645    - NIL -  
0000055623:''                           0000055631    - NIL -  
0000055675:''                           0000055703    - NIL -  
0000055615:''                           0000055623    - NIL -  
0000055711:''                           0000055607    - NIL -  
0000055601:''                           0000055717  0000055615
0000055607:''                           0000055557    - NIL -  
0000055565:''                           0000055573    - NIL -  
0000055573:''                           0000055557    - NIL -  
0000055551:''                           0000055601  0000055565
0000055535:"alphanums"                  0000055543    - NIL -  
0000055543:''                           0000055527  0000055535
0000055521:''                           0000055535    - NIL -  
0000055527:''                           0000055477    - NIL -  
0000055505:''                           0000055513    - NIL -  
0000055513:''                           0000055477    - NIL -  
0000055471:''                           0000055521  0000055505
0000055455:'.'                          0000055463    - NIL -  
0000055441:"alphanums"                  0000055447    - NIL -  
0000055447:''                           0000055433  0000055441
0000055425:''                           0000055441    - NIL -  
0000055411:'.'                          0000055417    - NIL -  
0000055375:"alphanums"                  0000055403    - NIL -  
0000055403:''                           0000055367  0000055375
0000055361:''                           0000055375    - NIL -  
0000055367:''                           0000055337    - NIL -  
0000055345:''                           0000055353    - NIL -  
0000055353:''                           0000055337    - NIL -  
0000055331:''                           0000055361  0000055345
0000055337:''                           0000055411    - NIL -  
0000055323:''                           0000055331    - NIL -  
0000055417:''                           0000055425    - NIL -  
0000055315:''                           0000055323    - NIL -  
0000055433:''                           0000055455    - NIL -  
0000055307:''                           0000055315    - NIL -  
0000055463:''                           0000055471    - NIL -  
0000055301:''                           0000055307    - NIL -  
0000055477:''                           0000055551    - NIL -  
0000055273:''                           0000055301    - NIL -  
0000055557:''                           0000055265    - NIL -  
0000055257:''                           0000056065  0000055273
0000055265:''                           0000054567    - NIL -  
0000055243:')'                          0000055251    - NIL -  
0000055227:'a_thru_p'                   0000055235    - NIL -  
0000055213:'a_thru_p'                   0000055221    - NIL -  
0000055221:''                           0000055227    - NIL -  
0000055205:''                           0000055213    - NIL -  
0000055171:'a_thru_p'                   0000055177    - NIL -  
0000055155:'a_thru_p'                   0000055163    - NIL -  
0000055163:''                           0000055171    - NIL -  
0000055147:''                           0000055155    - NIL -  
0000055133:'('                          0000055141    - NIL -  
0000055141:''                           0000055147    - NIL -  
0000055125:''                           0000055133    - NIL -  
0000055177:''                           0000055205    - NIL -  
0000055117:''                           0000055125    - NIL -  
0000055235:''                           0000055243    - NIL -  
0000055111:''                           0000055117    - NIL -  
0000055251:''                           0000055001    - NIL -  
0000055075:')'                          0000055103    - NIL -  
0000055061:'a_thru_p'                   0000055067    - NIL -  
0000055045:'a_thru_p'                   0000055053    - NIL -  
0000055053:''                           0000055061    - NIL -  
0000055037:''                           0000055045    - NIL -  
0000055023:'('                          0000055031    - NIL -  
0000055031:''                           0000055037    - NIL -  
0000055015:''                           0000055023    - NIL -  
0000055067:''                           0000055075    - NIL -  
0000055007:''                           0000055015    - NIL -  
0000055103:''                           0000055001    - NIL -  
0000054773:''                           0000055111  0000055007
0000055001:''                           0000054751    - NIL -  
0000054757:''                           0000054765    - NIL -  
0000054765:''                           0000054751    - NIL -  
0000054743:''                           0000054773  0000054757
0000054727:"alphanums"                  0000054735    - NIL -  
0000054735:''                           0000054721  0000054727
0000054713:''                           0000054727    - NIL -  
0000054721:''                           0000054671    - NIL -  
0000054677:''                           0000054705    - NIL -  
0000054705:''                           0000054671    - NIL -  
0000054663:''                           0000054713  0000054677
0000054647:'.'                          0000054655    - NIL -  
0000054633:"alphanums"                  0000054641    - NIL -  
0000054641:''                           0000054625  0000054633
0000054617:''                           0000054633    - NIL -  
0000054625:''                           0000054647    - NIL -  
0000054611:''                           0000054617    - NIL -  
0000054655:''                           0000054663    - NIL -  
0000054603:''                           0000054611    - NIL -  
0000054671:''                           0000054743    - NIL -  
0000054575:''                           0000054603    - NIL -  
0000054751:''                           0000054567    - NIL -  
0000054561:''                           0000055257  0000054575
0000054567:''                           0000054523    - NIL -  
0000054545:"alphanums"                  0000054553    - NIL -  
0000054553:''                           0000054537  0000054545
0000054531:''                           0000054545    - NIL -  
0000054537:''                           0000054523    - NIL -  
0000054515:''                           0000054561  0000054531
0000054523:''                           0000054507    - NIL -  
0000054501:''                           0000060163  0000054515
0000054507:''                           0000053335    - NIL -  
0000054465:''                           0000054473    - NIL -  
0000054473:''                           0000054363    - NIL -  
0000054451:'digit'                      0000054457    - NIL -  
0000054457:''                           0000054443  0000054451
0000054435:''                           0000054451    - NIL -  
0000054421:'='                          0000054427    - NIL -  
0000054405:''                           0000054413    - NIL -  
0000054413:''                           0000054421    - NIL -  
0000054377:''                           0000054405    - NIL -  
0000054427:''                           0000054435    - NIL -  
0000054371:''                           0000054377    - NIL -  
0000054443:''                           0000054363    - NIL -  
0000054355:''                           0000054465  0000054371
0000054363:''                           0000054063    - NIL -  
0000054341:''                           0000054347    - NIL -  
0000054347:''                           0000054275    - NIL -  
0000054325:''                           0000054333    - NIL -  
0000054311:'-'                          0000054317    - NIL -  
0000054317:''                           0000054325    - NIL -  
0000054303:''                           0000054311    - NIL -  
0000054333:''                           0000054275    - NIL -  
0000054267:''                           0000054341  0000054303
0000054275:''                           0000054077    - NIL -  
0000054253:''                           0000054261    - NIL -  
0000054261:''                           0000054207    - NIL -  
0000054237:''                           0000054245    - NIL -  
0000054223:'-'                          0000054231    - NIL -  
0000054231:''                           0000054237    - NIL -  
0000054215:''                           0000054223    - NIL -  
0000054245:''                           0000054207    - NIL -  
0000054201:''                           0000054253  0000054215
0000054165:''                           0000054173    - NIL -  
0000054173:''                           0000054121    - NIL -  
0000054151:''                           0000054157    - NIL -  
0000054135:'-'                          0000054143    - NIL -  
0000054143:''                           0000054151    - NIL -  
0000054127:''                           0000054135    - NIL -  
0000054157:''                           0000054121    - NIL -  
0000054113:''                           0000054165  0000054127
0000054121:''                           0000054201    - NIL -  
0000054105:''                           0000054113    - NIL -  
0000054207:''                           0000054077    - NIL -  
0000054071:''                           0000054267  0000054105
0000054077:''                           0000054063    - NIL -  
0000054055:''                           0000054355  0000054071
0000054041:','                          0000054047    - NIL -  
0000054047:''                           0000054055    - NIL -  
0000054033:''                           0000054041    - NIL -  
0000054063:''                           0000054025  0000054033
0000054017:''                           0000054033  0000054025
0000054003:''                           0000054011    - NIL -  
0000054011:''                           0000053701    - NIL -  
0000053767:'digit'                      0000053775    - NIL -  
0000053775:''                           0000053761  0000053767
0000053753:''                           0000053767    - NIL -  
0000053737:'='                          0000053745    - NIL -  
0000053723:''                           0000053731    - NIL -  
0000053731:''                           0000053737    - NIL -  
0000053715:''                           0000053723    - NIL -  
0000053745:''                           0000053753    - NIL -  
0000053707:''                           0000053715    - NIL -  
0000053761:''                           0000053701    - NIL -  
0000053673:''                           0000054003  0000053707
0000053701:''                           0000053401    - NIL -  
0000053657:''                           0000053665    - NIL -  
0000053665:''                           0000053613    - NIL -  
0000053643:''                           0000053651    - NIL -  
0000053627:'-'                          0000053635    - NIL -  
0000053635:''                           0000053643    - NIL -  
0000053621:''                           0000053627    - NIL -  
0000053651:''                           0000053613    - NIL -  
0000053605:''                           0000053657  0000053621
0000053613:''                           0000053415    - NIL -  
0000053571:''                           0000053577    - NIL -  
0000053577:''                           0000053525    - NIL -  
0000053555:''                           0000053563    - NIL -  
0000053541:'-'                          0000053547    - NIL -  
0000053547:''                           0000053555    - NIL -  
0000053533:''                           0000053541    - NIL -  
0000053563:''                           0000053525    - NIL -  
0000053517:''                           0000053571  0000053533
0000053503:''                           0000053511    - NIL -  
0000053511:''                           0000053437    - NIL -  
0000053467:''                           0000053475    - NIL -  
0000053453:'-'                          0000053461    - NIL -  
0000053461:''                           0000053467    - NIL -  
0000053445:''                           0000053453    - NIL -  
0000053475:''                           0000053437    - NIL -  
0000053431:''                           0000053503  0000053445
0000053437:''                           0000053517    - NIL -  
0000053423:''                           0000053431    - NIL -  
0000053525:''                           0000053415    - NIL -  
0000053407:''                           0000053605  0000053423
0000053415:''                           0000053401    - NIL -  
0000053373:''                           0000053673  0000053407
0000053357:';'                          0000053365    - NIL -  
0000053365:''                           0000053373    - NIL -  
0000053351:''                           0000053357    - NIL -  
0000053401:''                           0000054017    - NIL -  
0000053343:''                           0000053351    - NIL -  
0000054025:''                           0000053335    - NIL -  
0000053327:''                           0000054501  0000053343
0000053335:''                             - NIL -     - NIL -  


*** NFA <file defaults>:

0000064775:"null"                       0000065003    - NIL -  
0000065003:''                             - NIL -     - NIL -  


*** NFA <bad spec>:

0000065011:"null"                       0000065017    - NIL -  
0000065017:''                             - NIL -     - NIL -  ****** CODES FOR TERMINAL SYMBOLS ******

          CODE   SYMBOL
          -13   ';'
          -12   ','
          -11   '='
          -10   '-'
           -9   ':'
           -8   '#'
           -7   '.'
           -6   ')'
           -5   '('
           -4   'digit'
           -3   'q_thru_z'
           -2   'a_thru_p'
           -1   '*****END OF DATA*****'


****** CODES FOR NONTERMINALS TO BE RECOGNIZED ******

          CODE   NONTERMINAL
            1   '*****END OF DATA*****'
            2   'file spec'
            3   'file defaults'
            4   'bad spec'****** MINIMIZED DFA NEXT STATE TABLE ******

      -13 -12 -11 -10  -9  -8  -7  -6  -5  -4  -3  -2  -1 
    ______________________________________________________
    !
  1 !   0   0   0   0   0   0   0   0   0   0   0   0   0 
    !
  2 !   8   0   0   0  16   0  15   0   0   2   2   2   0 
    !
  3 !   8   0   0   0  16   9   6   0   0  25   2   2   1 
    !
  4 !   0   0   0   0   0   0  15   0   0   4   4   4   0 
    !
  5 !   0   0   0   0   0   0   0  27   0   0   0  12   0 
    !
  6 !   0   0   0   0   0   0  11   0   0   4   4   4   0 
    !
  7 !   0   0   0   0   0   0   0   0   0   0   0   5   0 
    !
  8 !   0   8  17  13   0   0   0   0   0   0   0   0   0 
    !
  9 !   8   0   0   0   0   0   0   0   0   9   9   9   0 
    !
 10 !   0   0   0   0   0   0   0  27   0   0   0   0   0 
    !
 11 !   0   0   0   0   0   0   0   0   0  26  26  26   0 
    !
 12 !   0   0   0   0   0   0   0   0   0   0   0  10   0 
    !
 13 !   0   8   0  19   0   0   0   0   0   0   0   0   0 
    !
 14 !   8   0   0   0   0   0  11   0  18  23  23  23   0 
    !
 15 !   8   0   0   0   0   0   0   0  18  20  20  20   0 
    !
 16 !   8   0   0   0   0   0  24   0   0  28   0   0   0 
    !
 17 !   0   0   0   0   0   0   0   0   0  22   0   0   0 
    !
 18 !   0   0   0   0   0   0   0   0   0   0   0   7   0 
    !
 19 !   0   8   0   0   0   0   0   0   0   0   0   0   0 
    !
 20 !   8   0   0   0   0   0  21   0  18  20  20  20   0 
    !
 21 !   8   0   0   0   0   0   0   0  18  21  21  21   0 
    !
 22 !   0   8   0   0   0   0   0   0   0  22   0   0   0 
    !
 23 !   8   0   0   0   0   0  15   0  18  23  23  23   0 
    !
 24 !   0   0   0   0   0   0  11   0   0  24  24  24   0 
    !
 25 !   8   0   0   0  16   0  14   0   0  25   2   2   0 
    !
 26 !   0   0   0   0   0   0  21   0   0  26  26  26   0 
    !
 27 !   8   0   0   0   0   0   0   0   0   0   0   0   0 
    !
 28 !   0   0   0   0   0   0  24   0   0  28   0   0   0 

****** START STATE:    3****** FINAL/BACKUP STATES IN MINIMIZED DFA ******

          DFA STATE   FINAL/BACKUP STATE (S)
            0      *<**ERROR**>
            1      *<*****END OF DATA*****> 
            2      *<file spec> 
            3      
            4      
            5      
            6      
            7      
            8      *<file spec> 
            9      *<file spec> 
           10      
           11      
           12      
           13      *<file spec> 
           14      *<file spec> 
           15      *<file spec> 
           16      *<file spec> 
           17      
           18      
           19      *<file spec> 
           20      *<file spec> 
           21      *<file spec> 
           22      *<file spec> 
           23      *<file spec> 
           24      
           25      *<file spec> 
           26      
           27      *<file spec> 
           28      ****** COMPACTED VERSION OF MINIMIZED DFA NEXT STATE TABLE ******

             DEFAULT  BASE

           1      0      0
           2      1     12
           3      2     16
           4      1     24
           5      1     16
           6      4     22
           7      1     28
           8      1     22
           9      1     33
          10      1     32
          11      1     37
          12      1     40
          13      1     33
          14      6     45
          15      9     49
          16      1     52
          17      1     40
          18      1     53
          19      1     45
          20     15     53
          21     15     59
          22     17     52
          23     14     59
          24      6     65
          25      2     66
          26     11     64
          27      1     59
          28     16     61              NEXT  CHECK              NEXT  CHECK

           1     0      1          51    20     15
           2     0      1          52    20     15
           3     0      1          53    20     15
           4     0      1          54    18     15
           5     0      1          55     7     18
           6     0      1          56    28     16
           7     0      1          57     8     19
           8     0      1          58     8     14
           9     0      1          59    24     16
          10     0      1          60    21     20
          11     0      1          61    21     21
          12     0      1          62    21     21
          13     0      1          63    21     21
          14     2      2          64     8     22
          15     2      2          65     8     16
          16     2      2          66    15     23
          17     1      3          67    24     24
          18    12      5          68    24     24
          19    15      2          69    24     24
          20    25      3          70    25     25
          21    16      2          71    21     26
          22    27      5          72     8     27
          23     6      3          73    14     25
          24     9      3          74     0     28
          25     8      2          75     0      0
          26     4      4          76     0      0
          27     4      4          77     0      0
          28     4      4          78     0      0
          29    11      6          79     0      0
          30     5      7
          31    15      4
          32    13      8
          33    17      8
          34     8      8
          35     9      9
          36     9      9
          37     9      9
          38    27     10
          39    26     11
          40    26     11
          41    26     11
          42    10     12
          43    19     13
          44    22     17
          45     8     13
          46     8      9
          47    23     14
          48    23     14
          49    23     14
          50    18     14(********************************************)
(*   SCANNER ALGORITHM CREATED BY LEXGEN    *)
(********************************************)

PROGRAM ??????;

CONST
   MAXINDEX    =  ???;  (* MAX INDEX USED TO ACCESS BUFFER *)
   BUFFERSIZE  =  ???;  (* MAXINDEX + 1 *)
   MAXTOKEN    =    4;
   DFASTATE1   =    3;  (* CODE FOR INITIAL STATE OF DFA *)
   MAXDFASTATE =   28;  (* CODE FOR MAX STATE OF DFA *)
   MINTERMINAL =  -13;  (* MIN TERMINAL CODE *)
   EODATA      =   -1;  (* CODE FOR END-OF-DATA *)


TYPE
   STATERANGE  = 1..MAXDFASTATE;
   EXSTATERANGE= 0..MAXDFASTATE;
   INDEXRANGE  = 0..MAXINDEX;
   LEXTOKEN    = RECORD
                    TOKEN_TYPE: ???;
                    MORE: ???  (* POINTER TO SYMBOL TABLE, CODE
                                  TO DIFFERENTIATE DIFFERENT SYMBOLS
                                  SUCH AS RELATIONAL OPERATORS OF THE
                                  SAME TOKEN_TYPE, ETC.  *)
                 END;

VAR
   DELTA: PACKED ARRAY [STATERANGE, MINTERMINAL..EODATA] OF EXSTATERANGE := (
      0,0,0,0,0,0,0,0,0,0,0,0,0,8,0,0,0,16,0,15,0,0,2,2,2,0,8,0,0,0,16,9,
      6,0,0,25,2,2,1,0,0,0,0,0,0,15,0,0,4,4,4,0,0,0,0,0,0,0,0,27,0,0,0,
      12,0,0,0,0,0,0,0,11,0,0,4,4,4,0,0,0,0,0,0,0,0,0,0,0,0,5,0,0,8,17,
      13,0,0,0,0,0,0,0,0,0,8,0,0,0,0,0,0,0,0,9,9,9,0,0,0,0,0,0,0,0,27,0,
      0,0,0,0,0,0,0,0,0,0,0,0,0,26,26,26,0,0,0,0,0,0,0,0,0,0,0,0,10,0,0,
      8,0,19,0,0,0,0,0,0,0,0,0,8,0,0,0,0,0,11,0,18,23,23,23,0,8,0,0,0,0,
      0,0,0,18,20,20,20,0,8,0,0,0,0,0,24,0,0,28,0,0,0,0,0,0,0,0,0,0,0,0,
      22,0,0,0,0,0,0,0,0,0,0,0,0,0,0,7,0,0,8,0,0,0,0,0,0,0,0,0,0,0,8,0,
      0,0,0,0,21,0,18,20,20,20,0,8,0,0,0,0,0,0,0,18,21,21,21,0,0,8,0,0,0,
      0,0,0,0,22,0,0,0,8,0,0,0,0,0,15,0,18,23,23,23,0,0,0,0,0,0,0,11,0,0,
      24,24,24,0,8,0,0,0,16,0,14,0,0,25,2,2,0,0,0,0,0,0,0,21,0,0,26,26,
      26,0,8,0,0,0,0,0,0,0,0,0,0,0,0,0,0,0,0,0,0,24,0,0,28,0,0,0);

   (* FINAL [X] = 0 IF STATE X IS NOT A FINAL STATE
                 1 IF STATE X RECOGNIZES <*****END OF DATA*****>
                 2 IF STATE X RECOGNIZES <file spec>
                 3 IF STATE X RECOGNIZES <file defaults>
                 4 IF STATE X RECOGNIZES <bad spec>
                                                                 *)
   FINAL: PACKED ARRAY [EXSTATERANGE] OF 0..MAXTOKEN := (
      0,1,2,0,0,0,0,0,2,2,0,0,0,2,2,2,2,0,0,2,2,2,2,2,0,2,0,2,0);

   BEGIN_INDEX, END_INDEX: INDEXRANGE;
   LEXEME: LEXTOKEN;
   BUFFER: ARRAY [INDEXRANGE] OF MINTERMINAL..EODATA;


PROCEDURE SCAN (VAR BEGIN_INDEX, END_INDEX: INDEXRANGE;
               VAR LEXEME: LEXTOKEN);

   VAR
      NEWTOKEN:  BOOLEAN;
      CURRSTATE, CURRFINAL: EXSTATERANGE;
      OLDINDEX:  INDEXRANGE;


   PROCEDURE GETCHAR (NEWTOKEN: BOOLEAN);
      BEGIN
         <  THIS PROCEDURE OBTAINS THE NEXT INPUT CHARACTER (WHICH
            IS ASSUMED TO BE EODATA IF NO MORE INPUT) AND MODIFIES
            BEGIN_INDEX AND END_INDEX AS NECESSARY DEPENDING ON
            THE BUFFERING SCHEME SO THAT
             (1) IF NEWTOKEN, THEN BEGIN_INDEX POINTS TO THE INPUT
                 CHARACTER JUST OBTAINED, ELSE BEGIN_INDEX POINTS
                 TO THE SAME CHARACTER IT POINTED TO BEFORE.
             (2) END_INDEX IS THE INDEX OF THE NEW CHARACTER JUST
                 OBTAINED.
            SCAN ALLOWS FOR EITHER SEQUENTIAL OR CIRCULAR BUFFER  >
      END (* GETCHAR *);


   BEGIN (* SCAN *)
      NEWTOKEN  := TRUE;
      CURRSTATE := DFASTATE1;  (* START IN INITIAL STATE *)
      CURRFINAL := 0;
      OLDINDEX  := 0;  (* WIDTH OF LEXEME AS OF LAST FINAL STATE *)

      WHILE CURRSTATE <> 0 DO
         BEGIN
            IF FINAL [CURRSTATE] <> 0 THEN
               BEGIN
                  CURRFINAL := CURRSTATE;
                  OLDINDEX := (END_INDEX - BEGIN_INDEX) MOD BUFFERSIZE
               END;
            GETCHAR (NEWTOKEN);
            NEWTOKEN := FALSE;
            CURRSTATE := DELTA [CURRSTATE, BUFFER [END_INDEX]]
         END;
      END_INDEX := (BEGIN_INDEX + OLDINDEX) MOD BUFFERSIZE;

       < COMPUTE LEXEME GIVEN FINAL [CURRFINAL], BEGIN_INDEX, END_INDEX, 
         ETC.                                                          >

   END (* SCAN *);


BEGIN (* MAINLINE *)
          .
          .
          .
   SCAN (BEGIN_INDEX, END_INDEX, LEXEME);
              (* AS NEEDED UNTIL END-OF-DATA LEXEME IS OBTAINED *)
          .
          .
          .
END. (* MAINLINE *)


RECOVERY FROM MAJOR ERROR (S)
  (r =